<?xml version="1.0" encoding="UTF-8"?>
<!-- Generated by org.testng.reporters.JUnitXMLReporter -->
<testsuite ignored="0" hostname="SVS" failures="0" tests="4" name="Default test" time="15.068" errors="0" timestamp="2022-08-08T11:23:15 PDT">
  <testcase classname="com.gmoonline.Validating_Frames" name="validatepageloadinginframes" time="2.297"/>
  <testcase classname="com.gmoonline.Validating_Frames" name="validatesingleframes" time="6.599"/>
  <testcase classname="com.gmoonline.Validating_Frames" name="validatingdropdownframe" time="3.3"/>
  <testcase classname="com.gmoonline.Validating_Frames" name="validatingmultipleframes" time="0.325"/>
</testsuite> <!-- Default test -->
