<?xml version="1.0" encoding="UTF-8"?>
<testng-results ignored="0" total="4" passed="4" failed="0" skipped="0">
  <reporter-output>
  </reporter-output>
  <suite started-at="2022-08-08T11:23:00 PDT" name="Default suite" finished-at="2022-08-08T11:23:15 PDT" duration-ms="15068">
    <groups>
    </groups>
    <test started-at="2022-08-08T11:23:00 PDT" name="Default test" finished-at="2022-08-08T11:23:15 PDT" duration-ms="15068">
      <class name="com.gmoonline.Validating_Frames">
        <test-method is-config="true" signature="beforeSuite()[pri:0, instance:com.gmoonline.Validating_Frames@243c4f91]" started-at="2022-08-08T11:22:58 PDT" name="beforeSuite" finished-at="2022-08-08T11:23:00 PDT" duration-ms="2178" status="PASS">
          <reporter-output>
          </reporter-output>
        </test-method> <!-- beforeSuite -->
        <test-method is-config="true" signature="beforeTest()[pri:0, instance:com.gmoonline.Validating_Frames@243c4f91]" started-at="2022-08-08T11:23:00 PDT" name="beforeTest" finished-at="2022-08-08T11:23:02 PDT" duration-ms="2478" status="PASS">
          <reporter-output>
          </reporter-output>
        </test-method> <!-- beforeTest -->
        <test-method is-config="true" signature="beforeClass()[pri:0, instance:com.gmoonline.Validating_Frames@243c4f91]" started-at="2022-08-08T11:23:02 PDT" name="beforeClass" finished-at="2022-08-08T11:23:02 PDT" duration-ms="1" status="PASS">
          <reporter-output>
          </reporter-output>
        </test-method> <!-- beforeClass -->
        <test-method is-config="true" signature="beforeMethod()[pri:0, instance:com.gmoonline.Validating_Frames@243c4f91]" started-at="2022-08-08T11:23:02 PDT" name="beforeMethod" finished-at="2022-08-08T11:23:02 PDT" duration-ms="1" status="PASS">
          <reporter-output>
          </reporter-output>
        </test-method> <!-- beforeMethod -->
        <test-method signature="validatepageloadinginframes()[pri:0, instance:com.gmoonline.Validating_Frames@243c4f91]" started-at="2022-08-08T11:23:02 PDT" name="validatepageloadinginframes" finished-at="2022-08-08T11:23:05 PDT" duration-ms="2297" status="PASS">
          <reporter-output>
          </reporter-output>
        </test-method> <!-- validatepageloadinginframes -->
        <test-method is-config="true" signature="afterMethod()[pri:0, instance:com.gmoonline.Validating_Frames@243c4f91]" started-at="2022-08-08T11:23:05 PDT" name="afterMethod" finished-at="2022-08-08T11:23:05 PDT" duration-ms="1" status="PASS">
          <reporter-output>
          </reporter-output>
        </test-method> <!-- afterMethod -->
        <test-method signature="validatesingleframes()[pri:1, instance:com.gmoonline.Validating_Frames@243c4f91]" started-at="2022-08-08T11:23:05 PDT" name="validatesingleframes" finished-at="2022-08-08T11:23:11 PDT" duration-ms="6599" status="PASS">
          <reporter-output>
          </reporter-output>
        </test-method> <!-- validatesingleframes -->
        <test-method is-config="true" signature="beforeMethod()[pri:0, instance:com.gmoonline.Validating_Frames@243c4f91]" started-at="2022-08-08T11:23:05 PDT" name="beforeMethod" finished-at="2022-08-08T11:23:05 PDT" duration-ms="0" status="PASS">
          <reporter-output>
          </reporter-output>
        </test-method> <!-- beforeMethod -->
        <test-method is-config="true" signature="afterMethod()[pri:0, instance:com.gmoonline.Validating_Frames@243c4f91]" started-at="2022-08-08T11:23:11 PDT" name="afterMethod" finished-at="2022-08-08T11:23:11 PDT" duration-ms="0" status="PASS">
          <reporter-output>
          </reporter-output>
        </test-method> <!-- afterMethod -->
        <test-method is-config="true" signature="beforeMethod()[pri:0, instance:com.gmoonline.Validating_Frames@243c4f91]" started-at="2022-08-08T11:23:11 PDT" name="beforeMethod" finished-at="2022-08-08T11:23:11 PDT" duration-ms="1" status="PASS">
          <reporter-output>
          </reporter-output>
        </test-method> <!-- beforeMethod -->
        <test-method signature="validatingdropdownframe()[pri:2, instance:com.gmoonline.Validating_Frames@243c4f91]" started-at="2022-08-08T11:23:11 PDT" name="validatingdropdownframe" finished-at="2022-08-08T11:23:15 PDT" duration-ms="3300" status="PASS">
          <reporter-output>
          </reporter-output>
        </test-method> <!-- validatingdropdownframe -->
        <test-method signature="validatingmultipleframes()[pri:3, instance:com.gmoonline.Validating_Frames@243c4f91]" started-at="2022-08-08T11:23:15 PDT" name="validatingmultipleframes" finished-at="2022-08-08T11:23:15 PDT" duration-ms="325" status="PASS">
          <reporter-output>
          </reporter-output>
        </test-method> <!-- validatingmultipleframes -->
        <test-method is-config="true" signature="beforeMethod()[pri:0, instance:com.gmoonline.Validating_Frames@243c4f91]" started-at="2022-08-08T11:23:15 PDT" name="beforeMethod" finished-at="2022-08-08T11:23:15 PDT" duration-ms="0" status="PASS">
          <reporter-output>
          </reporter-output>
        </test-method> <!-- beforeMethod -->
        <test-method is-config="true" signature="afterMethod()[pri:0, instance:com.gmoonline.Validating_Frames@243c4f91]" started-at="2022-08-08T11:23:15 PDT" name="afterMethod" finished-at="2022-08-08T11:23:15 PDT" duration-ms="0" status="PASS">
          <reporter-output>
          </reporter-output>
        </test-method> <!-- afterMethod -->
        <test-method is-config="true" signature="afterMethod()[pri:0, instance:com.gmoonline.Validating_Frames@243c4f91]" started-at="2022-08-08T11:23:15 PDT" name="afterMethod" finished-at="2022-08-08T11:23:15 PDT" duration-ms="8" status="PASS">
          <reporter-output>
          </reporter-output>
        </test-method> <!-- afterMethod -->
        <test-method is-config="true" signature="afterClass()[pri:0, instance:com.gmoonline.Validating_Frames@243c4f91]" started-at="2022-08-08T11:23:15 PDT" name="afterClass" finished-at="2022-08-08T11:23:15 PDT" duration-ms="0" status="PASS">
          <reporter-output>
          </reporter-output>
        </test-method> <!-- afterClass -->
        <test-method is-config="true" signature="afterTest()[pri:0, instance:com.gmoonline.Validating_Frames@243c4f91]" started-at="2022-08-08T11:23:15 PDT" name="afterTest" finished-at="2022-08-08T11:23:15 PDT" duration-ms="0" status="PASS">
          <reporter-output>
          </reporter-output>
        </test-method> <!-- afterTest -->
        <test-method is-config="true" signature="afterSuite()[pri:0, instance:com.gmoonline.Validating_Frames@243c4f91]" started-at="2022-08-08T11:23:15 PDT" name="afterSuite" finished-at="2022-08-08T11:23:15 PDT" duration-ms="0" status="PASS">
          <reporter-output>
          </reporter-output>
        </test-method> <!-- afterSuite -->
      </class> <!-- com.gmoonline.Validating_Frames -->
    </test> <!-- Default test -->
  </suite> <!-- Default suite -->
</testng-results>
